<?xml version="1.0" encoding="UTF-8"?>
<!-- Generated by org.testng.reporters.JUnitReportReporter -->
<testsuite hostname="Dipjyoti-PC" name="TestSuite.TC01" tests="1" failures="0" timestamp="6 Dec 2016 12:09:41 GMT" time="0.320" errors="0">
  <testcase name="TC001" time="0.320" classname="TestSuite.TC01"/>
</testsuite> <!-- TestSuite.TC01 -->
